<?xml version="1.0" encoding="UTF-8"?>
<!-- Generated by org.testng.reporters.JUnitReportReporter -->
<testsuite hostname="U6019138-TPL-A" name="kamienica.service.EmployeeServiceImplTest" tests="7" failures="0" timestamp="30 Dec 2015 10:17:46 GMT" time="0.009" errors="0">
  <testcase name="updateEmployee" time="0.002" classname="kamienica.service.EmployeeServiceImplTest"/>
  <testcase name="isEmployeeSsnUnique" time="0.001" classname="kamienica.service.EmployeeServiceImplTest"/>
  <testcase name="findById" time="0.001" classname="kamienica.service.EmployeeServiceImplTest"/>
  <testcase name="deleteEmployeeBySsn" time="0.002" classname="kamienica.service.EmployeeServiceImplTest"/>
  <testcase name="findAllEmployees" time="0.001" classname="kamienica.service.EmployeeServiceImplTest"/>
  <testcase name="findEmployeeBySsn" time="0.000" classname="kamienica.service.EmployeeServiceImplTest"/>
  <testcase name="saveEmployee" time="0.002" classname="kamienica.service.EmployeeServiceImplTest"/>
</testsuite> <!-- kamienica.service.EmployeeServiceImplTest -->
