<?xml version="1.0" encoding="UTF-8"?>
<!-- Generated by org.testng.reporters.JUnitReportReporter -->
<testsuite hostname="U6019138-TPL-A" name="kamienica.service.ApartmentServiceImplTest" tests="6" failures="0" timestamp="30 Dec 2015 10:58:17 GMT" time="0.007" errors="0">
  <testcase name="findApartmentById" time="0.001" classname="kamienica.service.ApartmentServiceImplTest"/>
  <testcase name="deleteApartmentBySsn" time="0.002" classname="kamienica.service.ApartmentServiceImplTest"/>
  <testcase name="saveApartment" time="0.001" classname="kamienica.service.ApartmentServiceImplTest"/>
  <testcase name="findById" time="0.001" classname="kamienica.service.ApartmentServiceImplTest"/>
  <testcase name="updateApartment" time="0.001" classname="kamienica.service.ApartmentServiceImplTest"/>
  <testcase name="findAllApartments" time="0.001" classname="kamienica.service.ApartmentServiceImplTest"/>
</testsuite> <!-- kamienica.service.ApartmentServiceImplTest -->
