<?xml version="1.0" encoding="UTF-8"?>
<!-- Generated by org.testng.reporters.JUnitReportReporter -->
<testsuite hostname="U6019138-TPL-A" name="kamienica.dao.EmployeeDaoImplTest" tests="6" failures="0" timestamp="30 Dec 2015 10:17:46 GMT" time="0.611" errors="0">
  <testcase name="deleteEmployeeBySsn" time="0.021" classname="kamienica.dao.EmployeeDaoImplTest"/>
  <testcase name="findById" time="0.247" classname="kamienica.dao.EmployeeDaoImplTest"/>
  <testcase name="findAllEmployees" time="0.012" classname="kamienica.dao.EmployeeDaoImplTest"/>
  <testcase name="findEmployeeBySsn" time="0.025" classname="kamienica.dao.EmployeeDaoImplTest"/>
  <testcase name="saveEmployee" time="0.169" classname="kamienica.dao.EmployeeDaoImplTest"/>
  <testcase name="deleteEmployeeByInvalidSsn" time="0.137" classname="kamienica.dao.EmployeeDaoImplTest"/>
</testsuite> <!-- kamienica.dao.EmployeeDaoImplTest -->
