<?xml version="1.0" encoding="UTF-8"?>
<!-- Generated by org.testng.reporters.JUnitReportReporter -->
<testsuite hostname="U6019138-TPL-A" name="kamienica.controller.PaymentControllerTest" tests="2" failures="0" timestamp="13 Jan 2016 13:59:26 GMT" time="0.143" errors="0">
  <testcase name="ValidateDivision" time="0.141" classname="kamienica.controller.PaymentControllerTest"/>
  <testcase name="prepareList" time="0.002" classname="kamienica.controller.PaymentControllerTest"/>
</testsuite> <!-- kamienica.controller.PaymentControllerTest -->
