<?xml version="1.0" encoding="UTF-8"?>
<!-- Generated by org.testng.reporters.JUnitReportReporter -->
<testsuite hostname="U6019138-TPL-A" name="kamienica.controller.AppControllerTest" tests="10" failures="0" timestamp="6 Jan 2016 14:47:18 GMT" time="0.089" errors="0">
  <testcase name="listEmployees" time="0.010" classname="kamienica.controller.AppControllerTest"/>
  <testcase name="newEmployee" time="0.000" classname="kamienica.controller.AppControllerTest"/>
  <testcase name="updateEmployeeWithValidationError" time="0.000" classname="kamienica.controller.AppControllerTest"/>
  <testcase name="editEmployee" time="0.035" classname="kamienica.controller.AppControllerTest"/>
  <testcase name="saveEmployeeWithSuccess" time="0.001" classname="kamienica.controller.AppControllerTest"/>
  <testcase name="updateEmployeeWithValidationErrorNonUniqueSSN" time="0.001" classname="kamienica.controller.AppControllerTest"/>
  <testcase name="updateEmployeeWithSuccess" time="0.002" classname="kamienica.controller.AppControllerTest"/>
  <testcase name="saveEmployeeWithValidationErrorNonUniqueSSN" time="0.003" classname="kamienica.controller.AppControllerTest"/>
  <testcase name="deleteEmployee" time="0.036" classname="kamienica.controller.AppControllerTest"/>
  <testcase name="saveEmployeeWithValidationError" time="0.001" classname="kamienica.controller.AppControllerTest"/>
</testsuite> <!-- kamienica.controller.AppControllerTest -->
