<?xml version="1.0" encoding="UTF-8"?>
<!-- Generated by org.testng.reporters.JUnitReportReporter -->
<testsuite hostname="U6019138-TPL-A" name="kamienica.dao.TenantDaoImplTest" tests="6" failures="0" timestamp="14 Jan 2016 13:21:19 GMT" time="0.546" errors="0">
  <testcase name="deleteInvalidId" time="0.031" classname="kamienica.dao.TenantDaoImplTest"/>
  <testcase name="deleteById" time="0.252" classname="kamienica.dao.TenantDaoImplTest"/>
  <testcase name="saveDuplicate" time="0.097" classname="kamienica.dao.TenantDaoImplTest"/>
  <testcase name="findById" time="0.038" classname="kamienica.dao.TenantDaoImplTest"/>
  <testcase name="findAll" time="0.087" classname="kamienica.dao.TenantDaoImplTest"/>
  <testcase name="saveTenant" time="0.041" classname="kamienica.dao.TenantDaoImplTest"/>
</testsuite> <!-- kamienica.dao.TenantDaoImplTest -->
