<?xml version="1.0" encoding="UTF-8"?>
<!-- Generated by org.testng.reporters.JUnitReportReporter -->
<testsuite hostname="U6019138-TPL-A" name="kamienica.controller.ApartmentControllerTest" tests="1" failures="0" timestamp="7 Jan 2016 10:44:11 GMT" time="0.027" errors="0">
  <testcase name="listApartments" time="0.027" classname="kamienica.controller.ApartmentControllerTest"/>
</testsuite> <!-- kamienica.controller.ApartmentControllerTest -->
