<?xml version="1.0" encoding="UTF-8"?>
<!-- Generated by org.testng.reporters.JUnitReportReporter -->
<testsuite hostname="U6019138-TPL-A" name="kamienica.dao.ApartmentDaolmplTest" tests="6" failures="0" timestamp="30 Dec 2015 10:58:17 GMT" time="0.471" errors="0">
  <testcase name="findById" time="0.165" classname="kamienica.dao.ApartmentDaolmplTest"/>
  <testcase name="findAllApartments" time="0.017" classname="kamienica.dao.ApartmentDaolmplTest"/>
  <testcase name="saveDuplicateAppNuber" time="0.092" classname="kamienica.dao.ApartmentDaolmplTest"/>
  <testcase name="deleteApartmentByInvalidId" time="0.022" classname="kamienica.dao.ApartmentDaolmplTest"/>
  <testcase name="deleteApartmentById" time="0.112" classname="kamienica.dao.ApartmentDaolmplTest"/>
  <testcase name="saveApartment" time="0.063" classname="kamienica.dao.ApartmentDaolmplTest"/>
</testsuite> <!-- kamienica.dao.ApartmentDaolmplTest -->
